# JRE version: Java(TM) SE Runtime Environment (14.0.1+7) (build 14.0.1+7)
# Java VM: Java HotSpot(TM) 64-Bit Server VM (14.0.1+7, mixed mode, sharing, tiered, compressed oops, g1 gc, windows-amd64)
Heap:
 garbage-first heap   total 109568K, used 72678K [0x0000000080000000, 0x0000000100000000)
  region size 1024K, 22 young (22528K), 3 survivors (3072K)
 Metaspace       used 59499K, capacity 61122K, committed 61360K, reserved 1101824K
  class space    used 7715K, capacity 8328K, committed 8448K, reserved 1048576K
GC Heap History (20 events):
Event: 250.735 GC heap before
{Heap before GC invocations=22 (full 0):
 garbage-first heap   total 109568K, used 90479K [0x0000000080000000, 0x0000000100000000)
  region size 1024K, 40 young (40960K), 3 survivors (3072K)
 Metaspace       used 58864K, capacity 60380K, committed 60464K, reserved 1101824K
  class space    used 7681K, capacity 8280K, committed 8320K, reserved 1048576K
}
Event: 250.738 GC heap after
{Heap after GC invocations=23 (full 0):
 garbage-first heap   total 109568K, used 54886K [0x0000000080000000, 0x0000000100000000)
  region size 1024K, 4 young (4096K), 4 survivors (4096K)
 Metaspace       used 58864K, capacity 60380K, committed 60464K, reserved 1101824K
  class space    used 7681K, capacity 8280K, committed 8320K, reserved 1048576K
}
Event: 278.015 GC heap before
{Heap before GC invocations=23 (full 0):
 garbage-first heap   total 109568K, used 90726K [0x0000000080000000, 0x0000000100000000)
  region size 1024K, 40 young (40960K), 4 survivors (4096K)
 Metaspace       used 59076K, capacity 60682K, committed 60720K, reserved 1101824K
  class space    used 7697K, capacity 8293K, committed 8320K, reserved 1048576K
}
Event: 278.019 GC heap after
{Heap after GC invocations=24 (full 0):
 garbage-first heap   total 109568K, used 54566K [0x0000000080000000, 0x0000000100000000)
  region size 1024K, 2 young (2048K), 2 survivors (2048K)
 Metaspace       used 59076K, capacity 60682K, committed 60720K, reserved 1101824K
  class space    used 7697K, capacity 8293K, committed 8320K, reserved 1048576K
}
Event: 302.816 GC heap before
{Heap before GC invocations=25 (full 0):
 garbage-first heap   total 109568K, used 92454K [0x0000000080000000, 0x0000000100000000)
  region size 1024K, 39 young (39936K), 2 survivors (2048K)
 Metaspace       used 59384K, capacity 60917K, committed 61104K, reserved 1101824K
  class space    used 7715K, capacity 8327K, committed 8448K, reserved 1048576K
}
Event: 302.821 GC heap after
{Heap after GC invocations=26 (full 0):
 garbage-first heap   total 109568K, used 55274K [0x0000000080000000, 0x0000000100000000)
  region size 1024K, 3 young (3072K), 3 survivors (3072K)
 Metaspace       used 59384K, capacity 60917K, committed 61104K, reserved 1101824K
  class space    used 7715K, capacity 8327K, committed 8448K, reserved 1048576K
}
Event: 303.533 GC heap before
{Heap before GC invocations=26 (full 0):
 garbage-first heap   total 109568K, used 92138K [0x0000000080000000, 0x0000000100000000)
  region size 1024K, 40 young (40960K), 3 survivors (3072K)
 Metaspace       used 59385K, capacity 60917K, committed 61104K, reserved 1101824K
  class space    used 7715K, capacity 8327K, committed 8448K, reserved 1048576K
}
Event: 303.536 GC heap after
{Heap after GC invocations=27 (full 0):
 garbage-first heap   total 109568K, used 55572K [0x0000000080000000, 0x0000000100000000)
  region size 1024K, 3 young (3072K), 3 survivors (3072K)
 Metaspace       used 59385K, capacity 60917K, committed 61104K, reserved 1101824K
  class space    used 7715K, capacity 8327K, committed 8448K, reserved 1048576K
}
Event: 303.959 GC heap before
{Heap before GC invocations=28 (full 0):
 garbage-first heap   total 109568K, used 92436K [0x0000000080000000, 0x0000000100000000)
  region size 1024K, 40 young (40960K), 3 survivors (3072K)
 Metaspace       used 59385K, capacity 60917K, committed 61104K, reserved 1101824K
  class space    used 7715K, capacity 8327K, committed 8448K, reserved 1048576K
}
Event: 303.963 GC heap after
{Heap after GC invocations=29 (full 0):
 garbage-first heap   total 109568K, used 55458K [0x0000000080000000, 0x0000000100000000)
  region size 1024K, 3 young (3072K), 3 survivors (3072K)
 Metaspace       used 59385K, capacity 60917K, committed 61104K, reserved 1101824K
  class space    used 7715K, capacity 8327K, committed 8448K, reserved 1048576K
}
Event: 374.805 GC heap before
{Heap before GC invocations=29 (full 0):
 garbage-first heap   total 109568K, used 92322K [0x0000000080000000, 0x0000000100000000)
  region size 1024K, 40 young (40960K), 3 survivors (3072K)
 Metaspace       used 59457K, capacity 60988K, committed 61360K, reserved 1101824K
  class space    used 7715K, capacity 8328K, committed 8448K, reserved 1048576K
}
Event: 374.811 GC heap after
{Heap after GC invocations=30 (full 0):
 garbage-first heap   total 109568K, used 55595K [0x0000000080000000, 0x0000000100000000)
  region size 1024K, 3 young (3072K), 3 survivors (3072K)
 Metaspace       used 59457K, capacity 60988K, committed 61360K, reserved 1101824K
  class space    used 7715K, capacity 8328K, committed 8448K, reserved 1048576K
}
Event: 437.134 GC heap before
{Heap before GC invocations=31 (full 0):
 garbage-first heap   total 109568K, used 92459K [0x0000000080000000, 0x0000000100000000)
  region size 1024K, 40 young (40960K), 3 survivors (3072K)
 Metaspace       used 59466K, capacity 60988K, committed 61360K, reserved 1101824K
  class space    used 7715K, capacity 8328K, committed 8448K, reserved 1048576K
}
Event: 437.138 GC heap after
{Heap after GC invocations=32 (full 0):
 garbage-first heap   total 109568K, used 55600K [0x0000000080000000, 0x0000000100000000)
  region size 1024K, 3 young (3072K), 3 survivors (3072K)
 Metaspace       used 59466K, capacity 60988K, committed 61360K, reserved 1101824K
  class space    used 7715K, capacity 8328K, committed 8448K, reserved 1048576K
}
Event: 550.657 GC heap before
{Heap before GC invocations=32 (full 0):
 garbage-first heap   total 109568K, used 92464K [0x0000000080000000, 0x0000000100000000)
  region size 1024K, 40 young (40960K), 3 survivors (3072K)
 Metaspace       used 59477K, capacity 61053K, committed 61360K, reserved 1101824K
  class space    used 7715K, capacity 8328K, committed 8448K, reserved 1048576K
}
Event: 550.662 GC heap after
{Heap after GC invocations=33 (full 0):
 garbage-first heap   total 109568K, used 55660K [0x0000000080000000, 0x0000000100000000)
  region size 1024K, 3 young (3072K), 3 survivors (3072K)
 Metaspace       used 59477K, capacity 61053K, committed 61360K, reserved 1101824K
  class space    used 7715K, capacity 8328K, committed 8448K, reserved 1048576K
}
Event: 594.640 GC heap before
{Heap before GC invocations=34 (full 0):
 garbage-first heap   total 109568K, used 92524K [0x0000000080000000, 0x0000000100000000)
  region size 1024K, 40 young (40960K), 3 survivors (3072K)
 Metaspace       used 59498K, capacity 61122K, committed 61360K, reserved 1101824K
  class space    used 7715K, capacity 8328K, committed 8448K, reserved 1048576K
}
Event: 594.645 GC heap after
{Heap after GC invocations=35 (full 0):
 garbage-first heap   total 109568K, used 55539K [0x0000000080000000, 0x0000000100000000)
  region size 1024K, 3 young (3072K), 3 survivors (3072K)
 Metaspace       used 59498K, capacity 61122K, committed 61360K, reserved 1101824K
  class space    used 7715K, capacity 8328K, committed 8448K, reserved 1048576K
}
Event: 596.847 GC heap before
{Heap before GC invocations=35 (full 0):
 garbage-first heap   total 109568K, used 92403K [0x0000000080000000, 0x0000000100000000)
  region size 1024K, 40 young (40960K), 3 survivors (3072K)
 Metaspace       used 59498K, capacity 61122K, committed 61360K, reserved 1101824K
  class space    used 7715K, capacity 8328K, committed 8448K, reserved 1048576K
}
Event: 596.856 GC heap after
{Heap after GC invocations=36 (full 0):
 garbage-first heap   total 109568K, used 55270K [0x0000000080000000, 0x0000000100000000)
  region size 1024K, 3 young (3072K), 3 survivors (3072K)
 Metaspace       used 59498K, capacity 61122K, committed 61360K, reserved 1101824K
  class space    used 7715K, capacity 8328K, committed 8448K, reserved 1048576K
}

