# JRE version: Java(TM) SE Runtime Environment (14.0.1+7) (build 14.0.1+7)
# Java VM: Java HotSpot(TM) 64-Bit Server VM (14.0.1+7, mixed mode, sharing, tiered, compressed oops, g1 gc, windows-amd64)
Heap:
 garbage-first heap   total 188416K, used 107461K [0x0000000080000000, 0x0000000100000000)
  region size 1024K, 9 young (9216K), 5 survivors (5120K)
 Metaspace       used 52576K, capacity 54210K, committed 54320K, reserved 1095680K
  class space    used 7133K, capacity 7770K, committed 7808K, reserved 1048576K
GC Heap History (20 events):
Event: 0.794 GC heap before
{Heap before GC invocations=1 (full 0):
 garbage-first heap   total 260096K, used 38096K [0x0000000080000000, 0x0000000100000000)
  region size 1024K, 30 young (30720K), 3 survivors (3072K)
 Metaspace       used 4281K, capacity 6811K, committed 7040K, reserved 1056768K
  class space    used 536K, capacity 805K, committed 896K, reserved 1048576K
}
Event: 0.797 GC heap after
{Heap after GC invocations=2 (full 0):
 garbage-first heap   total 260096K, used 11486K [0x0000000080000000, 0x0000000100000000)
  region size 1024K, 1 young (1024K), 1 survivors (1024K)
 Metaspace       used 4281K, capacity 6811K, committed 7040K, reserved 1056768K
  class space    used 536K, capacity 805K, committed 896K, reserved 1048576K
}
Event: 2.533 GC heap before
{Heap before GC invocations=2 (full 0):
 garbage-first heap   total 260096K, used 132318K [0x0000000080000000, 0x0000000100000000)
  region size 1024K, 119 young (121856K), 1 survivors (1024K)
 Metaspace       used 17051K, capacity 17682K, committed 17920K, reserved 1064960K
  class space    used 2517K, capacity 2752K, committed 2816K, reserved 1048576K
}
Event: 2.540 GC heap after
{Heap after GC invocations=3 (full 0):
 garbage-first heap   total 260096K, used 19918K [0x0000000080000000, 0x0000000100000000)
  region size 1024K, 9 young (9216K), 9 survivors (9216K)
 Metaspace       used 17051K, capacity 17682K, committed 17920K, reserved 1064960K
  class space    used 2517K, capacity 2752K, committed 2816K, reserved 1048576K
}
Event: 3.172 GC heap before
{Heap before GC invocations=3 (full 0):
 garbage-first heap   total 260096K, used 86478K [0x0000000080000000, 0x0000000100000000)
  region size 1024K, 47 young (48128K), 9 survivors (9216K)
 Metaspace       used 20364K, capacity 21092K, committed 21296K, reserved 1067008K
  class space    used 3073K, capacity 3345K, committed 3456K, reserved 1048576K
}
Event: 3.179 GC heap after
{Heap after GC invocations=4 (full 0):
 garbage-first heap   total 260096K, used 54295K [0x0000000080000000, 0x0000000100000000)
  region size 1024K, 14 young (14336K), 14 survivors (14336K)
 Metaspace       used 20364K, capacity 21092K, committed 21296K, reserved 1067008K
  class space    used 3073K, capacity 3345K, committed 3456K, reserved 1048576K
}
Event: 4.790 GC heap before
{Heap before GC invocations=5 (full 0):
 garbage-first heap   total 188416K, used 152599K [0x0000000080000000, 0x0000000100000000)
  region size 1024K, 110 young (112640K), 14 survivors (14336K)
 Metaspace       used 32041K, capacity 33178K, committed 33456K, reserved 1077248K
  class space    used 4596K, capacity 4997K, committed 5120K, reserved 1048576K
}
Event: 4.802 GC heap after
{Heap after GC invocations=6 (full 0):
 garbage-first heap   total 188416K, used 60800K [0x0000000080000000, 0x0000000100000000)
  region size 1024K, 11 young (11264K), 11 survivors (11264K)
 Metaspace       used 32041K, capacity 33178K, committed 33456K, reserved 1077248K
  class space    used 4596K, capacity 4997K, committed 5120K, reserved 1048576K
}
Event: 5.334 GC heap before
{Heap before GC invocations=6 (full 0):
 garbage-first heap   total 188416K, used 97664K [0x0000000080000000, 0x0000000100000000)
  region size 1024K, 46 young (47104K), 11 survivors (11264K)
 Metaspace       used 34686K, capacity 35790K, committed 35888K, reserved 1079296K
  class space    used 4832K, capacity 5222K, committed 5248K, reserved 1048576K
}
Event: 5.342 GC heap after
{Heap after GC invocations=7 (full 0):
 garbage-first heap   total 188416K, used 61945K [0x0000000080000000, 0x0000000100000000)
  region size 1024K, 4 young (4096K), 4 survivors (4096K)
 Metaspace       used 34686K, capacity 35790K, committed 35888K, reserved 1079296K
  class space    used 4832K, capacity 5222K, committed 5248K, reserved 1048576K
}
Event: 6.578 GC heap before
{Heap before GC invocations=8 (full 0):
 garbage-first heap   total 188416K, used 170489K [0x0000000080000000, 0x0000000100000000)
  region size 1024K, 89 young (91136K), 4 survivors (4096K)
 Metaspace       used 39823K, capacity 41189K, committed 41264K, reserved 1085440K
  class space    used 5472K, capacity 5949K, committed 6016K, reserved 1048576K
}
Event: 6.587 GC heap after
{Heap after GC invocations=9 (full 0):
 garbage-first heap   total 188416K, used 89228K [0x0000000080000000, 0x0000000100000000)
  region size 1024K, 9 young (9216K), 9 survivors (9216K)
 Metaspace       used 39823K, capacity 41189K, committed 41264K, reserved 1085440K
  class space    used 5472K, capacity 5949K, committed 6016K, reserved 1048576K
}
Event: 6.939 GC heap before
{Heap before GC invocations=9 (full 0):
 garbage-first heap   total 188416K, used 111756K [0x0000000080000000, 0x0000000100000000)
  region size 1024K, 32 young (32768K), 9 survivors (9216K)
 Metaspace       used 41263K, capacity 42750K, committed 42800K, reserved 1085440K
  class space    used 5711K, capacity 6256K, committed 6272K, reserved 1048576K
}
Event: 6.948 GC heap after
{Heap after GC invocations=10 (full 0):
 garbage-first heap   total 188416K, used 90825K [0x0000000080000000, 0x0000000100000000)
  region size 1024K, 2 young (2048K), 2 survivors (2048K)
 Metaspace       used 41263K, capacity 42750K, committed 42800K, reserved 1085440K
  class space    used 5711K, capacity 6256K, committed 6272K, reserved 1048576K
}
Event: 8.171 GC heap before
{Heap before GC invocations=11 (full 0):
 garbage-first heap   total 188416K, used 161481K [0x0000000080000000, 0x0000000100000000)
  region size 1024K, 64 young (65536K), 2 survivors (2048K)
 Metaspace       used 45146K, capacity 46792K, committed 47024K, reserved 1089536K
  class space    used 6267K, capacity 6896K, committed 6912K, reserved 1048576K
}
Event: 8.178 GC heap after
{Heap after GC invocations=12 (full 0):
 garbage-first heap   total 188416K, used 101062K [0x0000000080000000, 0x0000000100000000)
  region size 1024K, 5 young (5120K), 5 survivors (5120K)
 Metaspace       used 45146K, capacity 46792K, committed 47024K, reserved 1089536K
  class space    used 6267K, capacity 6896K, committed 6912K, reserved 1048576K
}
Event: 102.947 GC heap before
{Heap before GC invocations=12 (full 0):
 garbage-first heap   total 188416K, used 154310K [0x0000000080000000, 0x0000000100000000)
  region size 1024K, 58 young (59392K), 5 survivors (5120K)
 Metaspace       used 52344K, capacity 53983K, committed 54064K, reserved 1095680K
  class space    used 7131K, capacity 7738K, committed 7808K, reserved 1048576K
}
Event: 102.967 GC heap after
{Heap after GC invocations=13 (full 0):
 garbage-first heap   total 188416K, used 105146K [0x0000000080000000, 0x0000000100000000)
  region size 1024K, 8 young (8192K), 8 survivors (8192K)
 Metaspace       used 52344K, capacity 53983K, committed 54064K, reserved 1095680K
  class space    used 7131K, capacity 7738K, committed 7808K, reserved 1048576K
}
Event: 589.315 GC heap before
{Heap before GC invocations=14 (full 0):
 garbage-first heap   total 188416K, used 154298K [0x0000000080000000, 0x0000000100000000)
  region size 1024K, 57 young (58368K), 8 survivors (8192K)
 Metaspace       used 52575K, capacity 54210K, committed 54320K, reserved 1095680K
  class space    used 7133K, capacity 7770K, committed 7808K, reserved 1048576K
}
Event: 589.335 GC heap after
{Heap after GC invocations=15 (full 0):
 garbage-first heap   total 188416K, used 105413K [0x0000000080000000, 0x0000000100000000)
  region size 1024K, 5 young (5120K), 5 survivors (5120K)
 Metaspace       used 52575K, capacity 54210K, committed 54320K, reserved 1095680K
  class space    used 7133K, capacity 7770K, committed 7808K, reserved 1048576K
}

